<?xml version="1.0" encoding="UTF-8"?>
<testng-results ignored="9" total="11" passed="2" failed="0" skipped="0">
  <reporter-output>
  </reporter-output>
  <suite started-at="2023-04-20T11:32:42 IST" name="SeleniumFramework by groups" finished-at="2023-04-20T11:33:03 IST" duration-ms="21561">
    <groups>
      <group name="smoketest">
        <method signature="CreateCampWithProdTest.CreateCampWithProd()[pri:0, instance:Campaigns.CreateCampWithProdTest@14dd9eb7]" name="CreateCampWithProd" class="Campaigns.CreateCampWithProdTest"/>
        <method signature="CreateCampaignsTest.CreateCampaignsTest()[pri:0, instance:Campaigns.CreateCampaignsTest@123ef382]" name="CreateCampaignsTest" class="Campaigns.CreateCampaignsTest"/>
      </group> <!-- smoketest -->
    </groups>
    <test started-at="2023-04-20T11:32:42 IST" name="GRP-smoketest" finished-at="2023-04-20T11:33:03 IST" duration-ms="21561">
      <class name="Campaigns.CreateCampaignsTest">
        <test-method is-config="true" signature="BS()[pri:0, instance:Campaigns.CreateCampaignsTest@123ef382]" started-at="2023-04-20T11:32:42 IST" name="BS" finished-at="2023-04-20T11:32:42 IST" duration-ms="7" status="PASS">
          <reporter-output>
          </reporter-output>
        </test-method> <!-- BS -->
        <test-method is-config="true" signature="BT()[pri:0, instance:Campaigns.CreateCampaignsTest@123ef382]" started-at="2023-04-20T11:32:42 IST" name="BT" finished-at="2023-04-20T11:32:42 IST" duration-ms="1" status="PASS">
          <reporter-output>
          </reporter-output>
        </test-method> <!-- BT -->
        <test-method is-config="true" signature="BC()[pri:0, instance:Campaigns.CreateCampaignsTest@123ef382]" started-at="2023-04-20T11:32:42 IST" name="BC" finished-at="2023-04-20T11:32:43 IST" duration-ms="1312" status="PASS">
          <reporter-output>
          </reporter-output>
        </test-method> <!-- BC -->
        <test-method is-config="true" signature="BM()[pri:0, instance:Campaigns.CreateCampaignsTest@123ef382]" started-at="2023-04-20T11:32:43 IST" name="BM" finished-at="2023-04-20T11:32:45 IST" duration-ms="1830" status="PASS">
          <reporter-output>
          </reporter-output>
        </test-method> <!-- BM -->
        <test-method signature="CreateCampaignsTest()[pri:0, instance:Campaigns.CreateCampaignsTest@123ef382]" started-at="2023-04-20T11:32:45 IST" name="CreateCampaignsTest" finished-at="2023-04-20T11:32:50 IST" duration-ms="4619" status="PASS">
          <reporter-output>
          </reporter-output>
        </test-method> <!-- CreateCampaignsTest -->
        <test-method is-config="true" signature="AM()[pri:0, instance:Campaigns.CreateCampaignsTest@123ef382]" started-at="2023-04-20T11:32:50 IST" name="AM" finished-at="2023-04-20T11:32:50 IST" duration-ms="719" status="PASS">
          <reporter-output>
          </reporter-output>
        </test-method> <!-- AM -->
        <test-method is-config="true" signature="AC()[pri:0, instance:Campaigns.CreateCampaignsTest@123ef382]" started-at="2023-04-20T11:32:50 IST" name="AC" finished-at="2023-04-20T11:32:50 IST" duration-ms="60" status="PASS">
          <reporter-output>
          </reporter-output>
        </test-method> <!-- AC -->
        <test-method is-config="true" signature="AT()[pri:0, instance:Campaigns.CreateCampaignsTest@123ef382]" started-at="2023-04-20T11:33:03 IST" name="AT" finished-at="2023-04-20T11:33:03 IST" duration-ms="1" status="PASS">
          <reporter-output>
          </reporter-output>
        </test-method> <!-- AT -->
        <test-method is-config="true" signature="AS()[pri:0, instance:Campaigns.CreateCampaignsTest@123ef382]" started-at="2023-04-20T11:33:04 IST" name="AS" finished-at="2023-04-20T11:33:04 IST" duration-ms="0" status="PASS">
          <reporter-output>
          </reporter-output>
        </test-method> <!-- AS -->
      </class> <!-- Campaigns.CreateCampaignsTest -->
      <class name="Campaigns.CreateCampWithProdTest">
        <test-method is-config="true" signature="BC()[pri:0, instance:Campaigns.CreateCampWithProdTest@14dd9eb7]" started-at="2023-04-20T11:32:50 IST" name="BC" finished-at="2023-04-20T11:32:51 IST" duration-ms="653" status="PASS">
          <reporter-output>
          </reporter-output>
        </test-method> <!-- BC -->
        <test-method is-config="true" signature="BM()[pri:0, instance:Campaigns.CreateCampWithProdTest@14dd9eb7]" started-at="2023-04-20T11:32:51 IST" name="BM" finished-at="2023-04-20T11:32:53 IST" duration-ms="1790" status="PASS">
          <reporter-output>
          </reporter-output>
        </test-method> <!-- BM -->
        <test-method signature="CreateCampWithProd()[pri:0, instance:Campaigns.CreateCampWithProdTest@14dd9eb7]" started-at="2023-04-20T11:32:53 IST" name="CreateCampWithProd" finished-at="2023-04-20T11:33:03 IST" duration-ms="9774" status="PASS">
          <reporter-output>
          </reporter-output>
        </test-method> <!-- CreateCampWithProd -->
        <test-method is-config="true" signature="AM()[pri:0, instance:Campaigns.CreateCampWithProdTest@14dd9eb7]" started-at="2023-04-20T11:33:03 IST" name="AM" finished-at="2023-04-20T11:33:03 IST" duration-ms="714" status="PASS">
          <reporter-output>
          </reporter-output>
        </test-method> <!-- AM -->
        <test-method is-config="true" signature="AC()[pri:0, instance:Campaigns.CreateCampWithProdTest@14dd9eb7]" started-at="2023-04-20T11:33:03 IST" name="AC" finished-at="2023-04-20T11:33:03 IST" duration-ms="56" status="PASS">
          <reporter-output>
          </reporter-output>
        </test-method> <!-- AC -->
      </class> <!-- Campaigns.CreateCampWithProdTest -->
    </test> <!-- GRP-smoketest -->
  </suite> <!-- SeleniumFramework by groups -->
</testng-results>
