<?xml version="1.0" encoding="UTF-8"?>
<testng-results ignored="0" total="1" passed="1" failed="0" skipped="0">
  <reporter-output>
  </reporter-output>
  <suite started-at="2023-04-26T16:58:42 IST" name="Default suite" finished-at="2023-04-26T16:58:50 IST" duration-ms="7926">
    <groups>
    </groups>
    <test started-at="2023-04-26T16:58:42 IST" name="Default test" finished-at="2023-04-26T16:58:50 IST" duration-ms="7926">
      <class name="Practice.AmazonPage">
        <test-method is-config="true" signature="BS()[pri:0, instance:Practice.AmazonPage@6a192cfe]" started-at="2023-04-26T16:58:42 IST" name="BS" finished-at="2023-04-26T16:58:42 IST" duration-ms="9" status="PASS">
          <reporter-output>
          </reporter-output>
        </test-method> <!-- BS -->
        <test-method is-config="true" signature="BC()[pri:0, instance:Practice.AmazonPage@6a192cfe]" started-at="2023-04-26T16:58:42 IST" name="BC" finished-at="2023-04-26T16:58:44 IST" duration-ms="1910" status="PASS">
          <reporter-output>
          </reporter-output>
        </test-method> <!-- BC -->
        <test-method is-config="true" signature="BM()[pri:0, instance:Practice.AmazonPage@6a192cfe]" started-at="2023-04-26T16:58:44 IST" name="BM" finished-at="2023-04-26T16:58:47 IST" duration-ms="3522" status="PASS">
          <reporter-output>
          </reporter-output>
        </test-method> <!-- BM -->
        <test-method signature="amazonPage()[pri:0, instance:Practice.AmazonPage@6a192cfe]" started-at="2023-04-26T16:58:47 IST" name="amazonPage" finished-at="2023-04-26T16:58:50 IST" duration-ms="2457" status="PASS">
          <reporter-output>
          </reporter-output>
        </test-method> <!-- amazonPage -->
      </class> <!-- Practice.AmazonPage -->
    </test> <!-- Default test -->
  </suite> <!-- Default suite -->
</testng-results>
