<?xml version="1.0" encoding="UTF-8"?>
<!-- Generated by org.testng.reporters.JUnitXMLReporter -->
<testsuite ignored="2" hostname="LAPTOP-47KEHV7J" failures="0" tests="1" name="Default test" time="0.081" errors="0" timestamp="2023-04-26T17:10:18 IST">
  <testcase classname="Practice.SampleTestNG" name="createContact" time="0.015"/>
  <testcase classname="Practice.SampleTestNG" name="modifyContact" time="0.0">
    <ignored/>
  </testcase> <!-- modifyContact -->
  <testcase classname="Practice.SampleTestNG" name="deleteContact" time="0.0">
    <ignored/>
  </testcase> <!-- deleteContact -->
</testsuite> <!-- Default test -->
